# JRE version: OpenJDK Runtime Environment (11.0.13) (build 11.0.13+0-b1751.21-8125866)
# Java VM: OpenJDK 64-Bit Server VM (11.0.13+0-b1751.21-8125866, mixed mode, tiered, compressed oops, g1 gc, windows-amd64)
Heap:
 garbage-first heap   total 248832K, used 157443K [0x0000000080000000, 0x0000000100000000)
  region size 1024K, 76 young (77824K), 10 survivors (10240K)
 Metaspace       used 50181K, capacity 51444K, committed 51528K, reserved 1093632K
  class space    used 6379K, capacity 6851K, committed 6912K, reserved 1048576K
GC Heap History (20 events):
Event: 25.257 GC heap before
{Heap before GC invocations=35 (full 0):
 garbage-first heap   total 206848K, used 158405K [0x0000000080000000, 0x0000000100000000)
  region size 1024K, 87 young (89088K), 4 survivors (4096K)
 Metaspace       used 49580K, capacity 50760K, committed 50888K, reserved 1093632K
  class space    used 6319K, capacity 6780K, committed 6784K, reserved 1048576K
}
Event: 25.263 GC heap after
{Heap after GC invocations=36 (full 0):
 garbage-first heap   total 206848K, used 74909K [0x0000000080000000, 0x0000000100000000)
  region size 1024K, 6 young (6144K), 6 survivors (6144K)
 Metaspace       used 49580K, capacity 50760K, committed 50888K, reserved 1093632K
  class space    used 6319K, capacity 6780K, committed 6784K, reserved 1048576K
}
Event: 25.573 GC heap before
{Heap before GC invocations=36 (full 0):
 garbage-first heap   total 206848K, used 163997K [0x0000000080000000, 0x0000000100000000)
  region size 1024K, 93 young (95232K), 6 survivors (6144K)
 Metaspace       used 49623K, capacity 50845K, committed 51016K, reserved 1093632K
  class space    used 6332K, capacity 6787K, committed 6912K, reserved 1048576K
}
Event: 25.579 GC heap after
{Heap after GC invocations=37 (full 0):
 garbage-first heap   total 206848K, used 76485K [0x0000000080000000, 0x0000000100000000)
  region size 1024K, 7 young (7168K), 7 survivors (7168K)
 Metaspace       used 49623K, capacity 50845K, committed 51016K, reserved 1093632K
  class space    used 6332K, capacity 6787K, committed 6912K, reserved 1048576K
}
Event: 25.827 GC heap before
{Heap before GC invocations=37 (full 0):
 garbage-first heap   total 206848K, used 168645K [0x0000000080000000, 0x0000000100000000)
  region size 1024K, 97 young (99328K), 7 survivors (7168K)
 Metaspace       used 49623K, capacity 50845K, committed 51016K, reserved 1093632K
  class space    used 6332K, capacity 6787K, committed 6912K, reserved 1048576K
}
Event: 25.836 GC heap after
{Heap after GC invocations=38 (full 0):
 garbage-first heap   total 206848K, used 78444K [0x0000000080000000, 0x0000000100000000)
  region size 1024K, 9 young (9216K), 9 survivors (9216K)
 Metaspace       used 49623K, capacity 50845K, committed 51016K, reserved 1093632K
  class space    used 6332K, capacity 6787K, committed 6912K, reserved 1048576K
}
Event: 26.591 GC heap before
{Heap before GC invocations=38 (full 0):
 garbage-first heap   total 206848K, used 176748K [0x0000000080000000, 0x0000000100000000)
  region size 1024K, 100 young (102400K), 9 survivors (9216K)
 Metaspace       used 49858K, capacity 51083K, committed 51272K, reserved 1093632K
  class space    used 6344K, capacity 6798K, committed 6912K, reserved 1048576K
}
Event: 26.602 GC heap after
{Heap after GC invocations=39 (full 0):
 garbage-first heap   total 248832K, used 74260K [0x0000000080000000, 0x0000000100000000)
  region size 1024K, 4 young (4096K), 4 survivors (4096K)
 Metaspace       used 49858K, capacity 51083K, committed 51272K, reserved 1093632K
  class space    used 6344K, capacity 6798K, committed 6912K, reserved 1048576K
}
Event: 27.842 GC heap before
{Heap before GC invocations=39 (full 0):
 garbage-first heap   total 248832K, used 227860K [0x0000000080000000, 0x0000000100000000)
  region size 1024K, 137 young (140288K), 4 survivors (4096K)
 Metaspace       used 50170K, capacity 51444K, committed 51528K, reserved 1093632K
  class space    used 6378K, capacity 6851K, committed 6912K, reserved 1048576K
}
Event: 27.853 GC heap after
{Heap after GC invocations=40 (full 0):
 garbage-first heap   total 248832K, used 85680K [0x0000000080000000, 0x0000000100000000)
  region size 1024K, 7 young (7168K), 7 survivors (7168K)
 Metaspace       used 50170K, capacity 51444K, committed 51528K, reserved 1093632K
  class space    used 6378K, capacity 6851K, committed 6912K, reserved 1048576K
}
Event: 28.494 GC heap before
{Heap before GC invocations=40 (full 0):
 garbage-first heap   total 248832K, used 206512K [0x0000000080000000, 0x0000000100000000)
  region size 1024K, 126 young (129024K), 7 survivors (7168K)
 Metaspace       used 50171K, capacity 51444K, committed 51528K, reserved 1093632K
  class space    used 6378K, capacity 6851K, committed 6912K, reserved 1048576K
}
Event: 28.504 GC heap after
{Heap after GC invocations=41 (full 0):
 garbage-first heap   total 248832K, used 86210K [0x0000000080000000, 0x0000000100000000)
  region size 1024K, 7 young (7168K), 7 survivors (7168K)
 Metaspace       used 50171K, capacity 51444K, committed 51528K, reserved 1093632K
  class space    used 6378K, capacity 6851K, committed 6912K, reserved 1048576K
}
Event: 29.169 GC heap before
{Heap before GC invocations=41 (full 0):
 garbage-first heap   total 248832K, used 209090K [0x0000000080000000, 0x0000000100000000)
  region size 1024K, 128 young (131072K), 7 survivors (7168K)
 Metaspace       used 50177K, capacity 51444K, committed 51528K, reserved 1093632K
  class space    used 6379K, capacity 6851K, committed 6912K, reserved 1048576K
}
Event: 29.177 GC heap after
{Heap after GC invocations=42 (full 0):
 garbage-first heap   total 248832K, used 86397K [0x0000000080000000, 0x0000000100000000)
  region size 1024K, 8 young (8192K), 8 survivors (8192K)
 Metaspace       used 50177K, capacity 51444K, committed 51528K, reserved 1093632K
  class space    used 6379K, capacity 6851K, committed 6912K, reserved 1048576K
}
Event: 29.676 GC heap before
{Heap before GC invocations=42 (full 0):
 garbage-first heap   total 248832K, used 209277K [0x0000000080000000, 0x0000000100000000)
  region size 1024K, 129 young (132096K), 8 survivors (8192K)
 Metaspace       used 50179K, capacity 51444K, committed 51528K, reserved 1093632K
  class space    used 6379K, capacity 6851K, committed 6912K, reserved 1048576K
}
Event: 29.685 GC heap after
{Heap after GC invocations=43 (full 0):
 garbage-first heap   total 248832K, used 87951K [0x0000000080000000, 0x0000000100000000)
  region size 1024K, 9 young (9216K), 9 survivors (9216K)
 Metaspace       used 50179K, capacity 51444K, committed 51528K, reserved 1093632K
  class space    used 6379K, capacity 6851K, committed 6912K, reserved 1048576K
}
Event: 30.358 GC heap before
{Heap before GC invocations=43 (full 0):
 garbage-first heap   total 248832K, used 211855K [0x0000000080000000, 0x0000000100000000)
  region size 1024K, 130 young (133120K), 9 survivors (9216K)
 Metaspace       used 50179K, capacity 51444K, committed 51528K, reserved 1093632K
  class space    used 6379K, capacity 6851K, committed 6912K, reserved 1048576K
}
Event: 30.366 GC heap after
{Heap after GC invocations=44 (full 0):
 garbage-first heap   total 248832K, used 87518K [0x0000000080000000, 0x0000000100000000)
  region size 1024K, 9 young (9216K), 9 survivors (9216K)
 Metaspace       used 50179K, capacity 51444K, committed 51528K, reserved 1093632K
  class space    used 6379K, capacity 6851K, committed 6912K, reserved 1048576K
}
Event: 30.921 GC heap before
{Heap before GC invocations=44 (full 0):
 garbage-first heap   total 248832K, used 219614K [0x0000000080000000, 0x0000000100000000)
  region size 1024K, 131 young (134144K), 9 survivors (9216K)
 Metaspace       used 50179K, capacity 51444K, committed 51528K, reserved 1093632K
  class space    used 6379K, capacity 6851K, committed 6912K, reserved 1048576K
}
Event: 30.935 GC heap after
{Heap after GC invocations=45 (full 0):
 garbage-first heap   total 248832K, used 91907K [0x0000000080000000, 0x0000000100000000)
  region size 1024K, 10 young (10240K), 10 survivors (10240K)
 Metaspace       used 50179K, capacity 51444K, committed 51528K, reserved 1093632K
  class space    used 6379K, capacity 6851K, committed 6912K, reserved 1048576K
}

