# JRE version: OpenJDK Runtime Environment (11.0.13) (build 11.0.13+0-b1751.21-8125866)
# Java VM: OpenJDK 64-Bit Server VM (11.0.13+0-b1751.21-8125866, mixed mode, tiered, compressed oops, g1 gc, windows-amd64)
Heap:
 garbage-first heap   total 206848K, used 71087K [0x0000000080000000, 0x0000000100000000)
  region size 1024K, 6 young (6144K), 6 survivors (6144K)
 Metaspace       used 44317K, capacity 45402K, committed 45512K, reserved 1089536K
  class space    used 5603K, capacity 5995K, committed 6016K, reserved 1048576K
GC Heap History (20 events):
Event: 15.921 GC heap after
{Heap after GC invocations=20 (full 0):
 garbage-first heap   total 143360K, used 66557K [0x0000000080000000, 0x0000000100000000)
  region size 1024K, 4 young (4096K), 4 survivors (4096K)
 Metaspace       used 44297K, capacity 45402K, committed 45512K, reserved 1089536K
  class space    used 5603K, capacity 5995K, committed 6016K, reserved 1048576K
}
Event: 16.127 GC heap before
{Heap before GC invocations=20 (full 0):
 garbage-first heap   total 143360K, used 112637K [0x0000000080000000, 0x0000000100000000)
  region size 1024K, 50 young (51200K), 4 survivors (4096K)
 Metaspace       used 44307K, capacity 45402K, committed 45512K, reserved 1089536K
  class space    used 5603K, capacity 5995K, committed 6016K, reserved 1048576K
}
Event: 16.131 GC heap after
{Heap after GC invocations=21 (full 0):
 garbage-first heap   total 143360K, used 66947K [0x0000000080000000, 0x0000000100000000)
  region size 1024K, 4 young (4096K), 4 survivors (4096K)
 Metaspace       used 44307K, capacity 45402K, committed 45512K, reserved 1089536K
  class space    used 5603K, capacity 5995K, committed 6016K, reserved 1048576K
}
Event: 16.337 GC heap before
{Heap before GC invocations=21 (full 0):
 garbage-first heap   total 143360K, used 116099K [0x0000000080000000, 0x0000000100000000)
  region size 1024K, 52 young (53248K), 4 survivors (4096K)
 Metaspace       used 44311K, capacity 45402K, committed 45512K, reserved 1089536K
  class space    used 5603K, capacity 5995K, committed 6016K, reserved 1048576K
}
Event: 16.342 GC heap after
{Heap after GC invocations=22 (full 0):
 garbage-first heap   total 143360K, used 67133K [0x0000000080000000, 0x0000000100000000)
  region size 1024K, 4 young (4096K), 4 survivors (4096K)
 Metaspace       used 44311K, capacity 45402K, committed 45512K, reserved 1089536K
  class space    used 5603K, capacity 5995K, committed 6016K, reserved 1048576K
}
Event: 16.537 GC heap before
{Heap before GC invocations=22 (full 0):
 garbage-first heap   total 143360K, used 116285K [0x0000000080000000, 0x0000000100000000)
  region size 1024K, 53 young (54272K), 4 survivors (4096K)
 Metaspace       used 44312K, capacity 45402K, committed 45512K, reserved 1089536K
  class space    used 5603K, capacity 5995K, committed 6016K, reserved 1048576K
}
Event: 16.542 GC heap after
{Heap after GC invocations=23 (full 0):
 garbage-first heap   total 143360K, used 67913K [0x0000000080000000, 0x0000000100000000)
  region size 1024K, 5 young (5120K), 5 survivors (5120K)
 Metaspace       used 44312K, capacity 45402K, committed 45512K, reserved 1089536K
  class space    used 5603K, capacity 5995K, committed 6016K, reserved 1048576K
}
Event: 16.744 GC heap before
{Heap before GC invocations=23 (full 0):
 garbage-first heap   total 143360K, used 116041K [0x0000000080000000, 0x0000000100000000)
  region size 1024K, 53 young (54272K), 5 survivors (5120K)
 Metaspace       used 44313K, capacity 45402K, committed 45512K, reserved 1089536K
  class space    used 5603K, capacity 5995K, committed 6016K, reserved 1048576K
}
Event: 16.750 GC heap after
{Heap after GC invocations=24 (full 0):
 garbage-first heap   total 143360K, used 68447K [0x0000000080000000, 0x0000000100000000)
  region size 1024K, 4 young (4096K), 4 survivors (4096K)
 Metaspace       used 44313K, capacity 45402K, committed 45512K, reserved 1089536K
  class space    used 5603K, capacity 5995K, committed 6016K, reserved 1048576K
}
Event: 16.945 GC heap before
{Heap before GC invocations=24 (full 0):
 garbage-first heap   total 143360K, used 118623K [0x0000000080000000, 0x0000000100000000)
  region size 1024K, 53 young (54272K), 4 survivors (4096K)
 Metaspace       used 44313K, capacity 45402K, committed 45512K, reserved 1089536K
  class space    used 5603K, capacity 5995K, committed 6016K, reserved 1048576K
}
Event: 16.950 GC heap after
{Heap after GC invocations=25 (full 0):
 garbage-first heap   total 143360K, used 69107K [0x0000000080000000, 0x0000000100000000)
  region size 1024K, 4 young (4096K), 4 survivors (4096K)
 Metaspace       used 44313K, capacity 45402K, committed 45512K, reserved 1089536K
  class space    used 5603K, capacity 5995K, committed 6016K, reserved 1048576K
}
Event: 17.240 GC heap before
{Heap before GC invocations=25 (full 0):
 garbage-first heap   total 143360K, used 119283K [0x0000000080000000, 0x0000000100000000)
  region size 1024K, 53 young (54272K), 4 survivors (4096K)
 Metaspace       used 44313K, capacity 45402K, committed 45512K, reserved 1089536K
  class space    used 5603K, capacity 5995K, committed 6016K, reserved 1048576K
}
Event: 17.249 GC heap after
{Heap after GC invocations=26 (full 0):
 garbage-first heap   total 172032K, used 69130K [0x0000000080000000, 0x0000000100000000)
  region size 1024K, 4 young (4096K), 4 survivors (4096K)
 Metaspace       used 44313K, capacity 45402K, committed 45512K, reserved 1089536K
  class space    used 5603K, capacity 5995K, committed 6016K, reserved 1048576K
}
Event: 17.964 GC heap before
{Heap before GC invocations=27 (full 0):
 garbage-first heap   total 172032K, used 130570K [0x0000000080000000, 0x0000000100000000)
  region size 1024K, 64 young (65536K), 4 survivors (4096K)
 Metaspace       used 44314K, capacity 45402K, committed 45512K, reserved 1089536K
  class space    used 5603K, capacity 5995K, committed 6016K, reserved 1048576K
}
Event: 17.971 GC heap after
{Heap after GC invocations=28 (full 0):
 garbage-first heap   total 172032K, used 69719K [0x0000000080000000, 0x0000000100000000)
  region size 1024K, 5 young (5120K), 5 survivors (5120K)
 Metaspace       used 44314K, capacity 45402K, committed 45512K, reserved 1089536K
  class space    used 5603K, capacity 5995K, committed 6016K, reserved 1048576K
}
Event: 18.358 GC heap before
{Heap before GC invocations=28 (full 0):
 garbage-first heap   total 172032K, used 134231K [0x0000000080000000, 0x0000000100000000)
  region size 1024K, 69 young (70656K), 5 survivors (5120K)
 Metaspace       used 44317K, capacity 45402K, committed 45512K, reserved 1089536K
  class space    used 5603K, capacity 5995K, committed 6016K, reserved 1048576K
}
Event: 18.363 GC heap after
{Heap after GC invocations=29 (full 0):
 garbage-first heap   total 172032K, used 70349K [0x0000000080000000, 0x0000000100000000)
  region size 1024K, 5 young (5120K), 5 survivors (5120K)
 Metaspace       used 44317K, capacity 45402K, committed 45512K, reserved 1089536K
  class space    used 5603K, capacity 5995K, committed 6016K, reserved 1048576K
}
Event: 18.606 GC heap before
{Heap before GC invocations=29 (full 0):
 garbage-first heap   total 172032K, used 139981K [0x0000000080000000, 0x0000000100000000)
  region size 1024K, 74 young (75776K), 5 survivors (5120K)
 Metaspace       used 44317K, capacity 45402K, committed 45512K, reserved 1089536K
  class space    used 5603K, capacity 5995K, committed 6016K, reserved 1048576K
}
Event: 18.613 GC heap after
{Heap after GC invocations=30 (full 0):
 garbage-first heap   total 172032K, used 70795K [0x0000000080000000, 0x0000000100000000)
  region size 1024K, 6 young (6144K), 6 survivors (6144K)
 Metaspace       used 44317K, capacity 45402K, committed 45512K, reserved 1089536K
  class space    used 5603K, capacity 5995K, committed 6016K, reserved 1048576K
}
Event: 18.919 GC heap before
{Heap before GC invocations=30 (full 0):
 garbage-first heap   total 172032K, used 143499K [0x0000000080000000, 0x0000000100000000)
  region size 1024K, 76 young (77824K), 6 survivors (6144K)
 Metaspace       used 44317K, capacity 45402K, committed 45512K, reserved 1089536K
  class space    used 5603K, capacity 5995K, committed 6016K, reserved 1048576K
}

